{"total": {"lines":{"total":2147,"covered":746,"skipped":0,"pct":34.74},"statements":{"total":2294,"covered":824,"skipped":0,"pct":35.91},"functions":{"total":422,"covered":123,"skipped":0,"pct":29.14},"branches":{"total":524,"covered":145,"skipped":0,"pct":27.67},"branchesTrue":{"total":0,"covered":0,"skipped":0,"pct":100}}
,"/home/ryanwalker277/Work/uci-apis/src/app.controller.ts": {"lines":{"total":7,"covered":7,"skipped":0,"pct":100},"functions":{"total":2,"covered":2,"skipped":0,"pct":100},"statements":{"total":9,"covered":9,"skipped":0,"pct":100},"branches":{"total":0,"covered":0,"skipped":0,"pct":100}}
,"/home/ryanwalker277/Work/uci-apis/src/app.module.ts": {"lines":{"total":31,"covered":0,"skipped":0,"pct":0},"functions":{"total":0,"covered":0,"skipped":0,"pct":100},"statements":{"total":33,"covered":0,"skipped":0,"pct":0},"branches":{"total":0,"covered":0,"skipped":0,"pct":100}}
,"/home/ryanwalker277/Work/uci-apis/src/app.service.ts": {"lines":{"total":6,"covered":4,"skipped":0,"pct":66.66},"functions":{"total":3,"covered":1,"skipped":0,"pct":33.33},"statements":{"total":8,"covered":6,"skipped":0,"pct":75},"branches":{"total":0,"covered":0,"skipped":0,"pct":100}}
,"/home/ryanwalker277/Work/uci-apis/src/console.ts": {"lines":{"total":15,"covered":0,"skipped":0,"pct":0},"functions":{"total":1,"covered":0,"skipped":0,"pct":0},"statements":{"total":15,"covered":0,"skipped":0,"pct":0},"branches":{"total":2,"covered":0,"skipped":0,"pct":0}}
,"/home/ryanwalker277/Work/uci-apis/src/main.ts": {"lines":{"total":33,"covered":0,"skipped":0,"pct":0},"functions":{"total":1,"covered":0,"skipped":0,"pct":0},"statements":{"total":33,"covered":0,"skipped":0,"pct":0},"branches":{"total":0,"covered":0,"skipped":0,"pct":100}}
,"/home/ryanwalker277/Work/uci-apis/src/auth/auth.guard.ts": {"lines":{"total":30,"covered":0,"skipped":0,"pct":0},"functions":{"total":3,"covered":0,"skipped":0,"pct":0},"statements":{"total":34,"covered":0,"skipped":0,"pct":0},"branches":{"total":10,"covered":0,"skipped":0,"pct":0}}
,"/home/ryanwalker277/Work/uci-apis/src/auth/auth.helper.ts": {"lines":{"total":10,"covered":0,"skipped":0,"pct":0},"functions":{"total":4,"covered":0,"skipped":0,"pct":0},"statements":{"total":12,"covered":0,"skipped":0,"pct":0},"branches":{"total":3,"covered":0,"skipped":0,"pct":0}}
,"/home/ryanwalker277/Work/uci-apis/src/auth/auth.module.ts": {"lines":{"total":10,"covered":0,"skipped":0,"pct":0},"functions":{"total":1,"covered":0,"skipped":0,"pct":0},"statements":{"total":12,"covered":0,"skipped":0,"pct":0},"branches":{"total":0,"covered":0,"skipped":0,"pct":100}}
,"/home/ryanwalker277/Work/uci-apis/src/auth/auth.service.ts": {"lines":{"total":4,"covered":3,"skipped":0,"pct":75},"functions":{"total":1,"covered":0,"skipped":0,"pct":0},"statements":{"total":6,"covered":5,"skipped":0,"pct":83.33},"branches":{"total":0,"covered":0,"skipped":0,"pct":100}}
,"/home/ryanwalker277/Work/uci-apis/src/auth/auth.strategy.ts": {"lines":{"total":9,"covered":0,"skipped":0,"pct":0},"functions":{"total":2,"covered":0,"skipped":0,"pct":0},"statements":{"total":11,"covered":0,"skipped":0,"pct":0},"branches":{"total":0,"covered":0,"skipped":0,"pct":100}}
,"/home/ryanwalker277/Work/uci-apis/src/auth/user.entity.ts": {"lines":{"total":1,"covered":0,"skipped":0,"pct":0},"functions":{"total":0,"covered":0,"skipped":0,"pct":100},"statements":{"total":1,"covered":0,"skipped":0,"pct":0},"branches":{"total":0,"covered":0,"skipped":0,"pct":100}}
,"/home/ryanwalker277/Work/uci-apis/src/common/digestAuthRequest.ts": {"lines":{"total":144,"covered":5,"skipped":0,"pct":3.47},"functions":{"total":14,"covered":0,"skipped":0,"pct":0},"statements":{"total":148,"covered":5,"skipped":0,"pct":3.37},"branches":{"total":46,"covered":0,"skipped":0,"pct":0}}
,"/home/ryanwalker277/Work/uci-apis/src/common/file-mapper.ts": {"lines":{"total":7,"covered":0,"skipped":0,"pct":0},"functions":{"total":3,"covered":0,"skipped":0,"pct":0},"statements":{"total":9,"covered":0,"skipped":0,"pct":0},"branches":{"total":0,"covered":0,"skipped":0,"pct":100}}
,"/home/ryanwalker277/Work/uci-apis/src/common/messages.ts": {"lines":{"total":28,"covered":28,"skipped":0,"pct":100},"functions":{"total":0,"covered":0,"skipped":0,"pct":100},"statements":{"total":28,"covered":28,"skipped":0,"pct":100},"branches":{"total":0,"covered":0,"skipped":0,"pct":100}}
,"/home/ryanwalker277/Work/uci-apis/src/common/prismaError.handler.ts": {"lines":{"total":12,"covered":3,"skipped":0,"pct":25},"functions":{"total":2,"covered":0,"skipped":0,"pct":0},"statements":{"total":15,"covered":5,"skipped":0,"pct":33.33},"branches":{"total":5,"covered":0,"skipped":0,"pct":0}}
,"/home/ryanwalker277/Work/uci-apis/src/common/prismaUtils.ts": {"lines":{"total":2,"covered":1,"skipped":0,"pct":50},"functions":{"total":1,"covered":0,"skipped":0,"pct":0},"statements":{"total":3,"covered":2,"skipped":0,"pct":66.66},"branches":{"total":0,"covered":0,"skipped":0,"pct":100}}
,"/home/ryanwalker277/Work/uci-apis/src/common/retry.ts": {"lines":{"total":13,"covered":12,"skipped":0,"pct":92.3},"functions":{"total":4,"covered":4,"skipped":0,"pct":100},"statements":{"total":13,"covered":12,"skipped":0,"pct":92.3},"branches":{"total":1,"covered":0,"skipped":0,"pct":0}}
,"/home/ryanwalker277/Work/uci-apis/src/global-services/commonService.module.ts": {"lines":{"total":4,"covered":0,"skipped":0,"pct":0},"functions":{"total":1,"covered":0,"skipped":0,"pct":0},"statements":{"total":6,"covered":0,"skipped":0,"pct":0},"branches":{"total":0,"covered":0,"skipped":0,"pct":100}}
,"/home/ryanwalker277/Work/uci-apis/src/global-services/prisma.service.ts": {"lines":{"total":19,"covered":4,"skipped":0,"pct":21.05},"functions":{"total":8,"covered":1,"skipped":0,"pct":12.5},"statements":{"total":22,"covered":6,"skipped":0,"pct":27.27},"branches":{"total":3,"covered":0,"skipped":0,"pct":0}}
,"/home/ryanwalker277/Work/uci-apis/src/global-services/telemetry.service.ts": {"lines":{"total":11,"covered":7,"skipped":0,"pct":63.63},"functions":{"total":3,"covered":1,"skipped":0,"pct":33.33},"statements":{"total":13,"covered":9,"skipped":0,"pct":69.23},"branches":{"total":2,"covered":1,"skipped":0,"pct":50}}
,"/home/ryanwalker277/Work/uci-apis/src/health/health.controller.ts": {"lines":{"total":9,"covered":5,"skipped":0,"pct":55.55},"functions":{"total":3,"covered":0,"skipped":0,"pct":0},"statements":{"total":11,"covered":7,"skipped":0,"pct":63.63},"branches":{"total":0,"covered":0,"skipped":0,"pct":100}}
,"/home/ryanwalker277/Work/uci-apis/src/health/health.module.ts": {"lines":{"total":9,"covered":0,"skipped":0,"pct":0},"functions":{"total":0,"covered":0,"skipped":0,"pct":100},"statements":{"total":11,"covered":0,"skipped":0,"pct":0},"branches":{"total":0,"covered":0,"skipped":0,"pct":100}}
,"/home/ryanwalker277/Work/uci-apis/src/health/health.service.ts": {"lines":{"total":60,"covered":7,"skipped":0,"pct":11.66},"functions":{"total":22,"covered":0,"skipped":0,"pct":0},"statements":{"total":62,"covered":9,"skipped":0,"pct":14.51},"branches":{"total":7,"covered":0,"skipped":0,"pct":0}}
,"/home/ryanwalker277/Work/uci-apis/src/interceptors/addAdminHeader.interceptor.ts": {"lines":{"total":11,"covered":11,"skipped":0,"pct":100},"functions":{"total":2,"covered":2,"skipped":0,"pct":100},"statements":{"total":13,"covered":13,"skipped":0,"pct":100},"branches":{"total":4,"covered":4,"skipped":0,"pct":100}}
,"/home/ryanwalker277/Work/uci-apis/src/interceptors/addOwnerInfo.interceptor.ts": {"lines":{"total":49,"covered":9,"skipped":0,"pct":18.36},"functions":{"total":9,"covered":1,"skipped":0,"pct":11.11},"statements":{"total":55,"covered":11,"skipped":0,"pct":20},"branches":{"total":29,"covered":0,"skipped":0,"pct":0}}
,"/home/ryanwalker277/Work/uci-apis/src/interceptors/addROToResponse.interceptor.ts": {"lines":{"total":10,"covered":3,"skipped":0,"pct":30},"functions":{"total":2,"covered":0,"skipped":0,"pct":0},"statements":{"total":13,"covered":5,"skipped":0,"pct":38.46},"branches":{"total":5,"covered":0,"skipped":0,"pct":0}}
,"/home/ryanwalker277/Work/uci-apis/src/interceptors/addResponseObject.interceptor.ts": {"lines":{"total":18,"covered":4,"skipped":0,"pct":22.22},"functions":{"total":2,"covered":0,"skipped":0,"pct":0},"statements":{"total":20,"covered":6,"skipped":0,"pct":30},"branches":{"total":6,"covered":0,"skipped":0,"pct":0}}
,"/home/ryanwalker277/Work/uci-apis/src/interceptors/file.interceptor.ts": {"lines":{"total":15,"covered":7,"skipped":0,"pct":46.66},"functions":{"total":5,"covered":2,"skipped":0,"pct":40},"statements":{"total":16,"covered":8,"skipped":0,"pct":50},"branches":{"total":1,"covered":0,"skipped":0,"pct":0}}
,"/home/ryanwalker277/Work/uci-apis/src/interceptors/multipleFields.interceptor.ts": {"lines":{"total":15,"covered":6,"skipped":0,"pct":40},"functions":{"total":5,"covered":1,"skipped":0,"pct":20},"statements":{"total":16,"covered":7,"skipped":0,"pct":43.75},"branches":{"total":1,"covered":0,"skipped":0,"pct":0}}
,"/home/ryanwalker277/Work/uci-apis/src/interceptors/multipleFiles.interceptor.ts": {"lines":{"total":14,"covered":0,"skipped":0,"pct":0},"functions":{"total":5,"covered":0,"skipped":0,"pct":0},"statements":{"total":15,"covered":0,"skipped":0,"pct":0},"branches":{"total":1,"covered":0,"skipped":0,"pct":0}}
,"/home/ryanwalker277/Work/uci-apis/src/interceptors/utils/responseUtils.ts": {"lines":{"total":30,"covered":4,"skipped":0,"pct":13.33},"functions":{"total":5,"covered":0,"skipped":0,"pct":0},"statements":{"total":30,"covered":4,"skipped":0,"pct":13.33},"branches":{"total":6,"covered":0,"skipped":0,"pct":0}}
,"/home/ryanwalker277/Work/uci-apis/src/migration/migration.module.ts": {"lines":{"total":4,"covered":0,"skipped":0,"pct":0},"functions":{"total":0,"covered":0,"skipped":0,"pct":100},"statements":{"total":6,"covered":0,"skipped":0,"pct":0},"branches":{"total":0,"covered":0,"skipped":0,"pct":100}}
,"/home/ryanwalker277/Work/uci-apis/src/migration/migration.service.ts": {"lines":{"total":44,"covered":0,"skipped":0,"pct":0},"functions":{"total":4,"covered":0,"skipped":0,"pct":0},"statements":{"total":46,"covered":0,"skipped":0,"pct":0},"branches":{"total":5,"covered":0,"skipped":0,"pct":0}}
,"/home/ryanwalker277/Work/uci-apis/src/migration/utils/downloadData.ts": {"lines":{"total":28,"covered":0,"skipped":0,"pct":0},"functions":{"total":7,"covered":0,"skipped":0,"pct":0},"statements":{"total":29,"covered":0,"skipped":0,"pct":0},"branches":{"total":0,"covered":0,"skipped":0,"pct":100}}
,"/home/ryanwalker277/Work/uci-apis/src/migration/utils/insertData.ts": {"lines":{"total":45,"covered":0,"skipped":0,"pct":0},"functions":{"total":9,"covered":0,"skipped":0,"pct":0},"statements":{"total":46,"covered":0,"skipped":0,"pct":0},"branches":{"total":4,"covered":0,"skipped":0,"pct":0}}
,"/home/ryanwalker277/Work/uci-apis/src/modules/adapter/adapter.controller.ts": {"lines":{"total":21,"covered":20,"skipped":0,"pct":95.23},"functions":{"total":6,"covered":5,"skipped":0,"pct":83.33},"statements":{"total":23,"covered":22,"skipped":0,"pct":95.65},"branches":{"total":0,"covered":0,"skipped":0,"pct":100}}
,"/home/ryanwalker277/Work/uci-apis/src/modules/adapter/adapter.module.ts": {"lines":{"total":6,"covered":0,"skipped":0,"pct":0},"functions":{"total":0,"covered":0,"skipped":0,"pct":100},"statements":{"total":8,"covered":0,"skipped":0,"pct":0},"branches":{"total":0,"covered":0,"skipped":0,"pct":100}}
,"/home/ryanwalker277/Work/uci-apis/src/modules/adapter/adapter.service.ts": {"lines":{"total":15,"covered":13,"skipped":0,"pct":86.66},"functions":{"total":7,"covered":5,"skipped":0,"pct":71.42},"statements":{"total":17,"covered":15,"skipped":0,"pct":88.23},"branches":{"total":0,"covered":0,"skipped":0,"pct":100}}
,"/home/ryanwalker277/Work/uci-apis/src/modules/adapter/enums/channels.ts": {"lines":{"total":4,"covered":0,"skipped":0,"pct":0},"functions":{"total":1,"covered":0,"skipped":0,"pct":0},"statements":{"total":4,"covered":0,"skipped":0,"pct":0},"branches":{"total":2,"covered":0,"skipped":0,"pct":0}}
,"/home/ryanwalker277/Work/uci-apis/src/modules/adapter/enums/providers.ts": {"lines":{"total":5,"covered":0,"skipped":0,"pct":0},"functions":{"total":1,"covered":0,"skipped":0,"pct":0},"statements":{"total":5,"covered":0,"skipped":0,"pct":0},"branches":{"total":2,"covered":0,"skipped":0,"pct":0}}
,"/home/ryanwalker277/Work/uci-apis/src/modules/bot/bot.controller.ts": {"lines":{"total":101,"covered":67,"skipped":0,"pct":66.33},"functions":{"total":21,"covered":7,"skipped":0,"pct":33.33},"statements":{"total":104,"covered":70,"skipped":0,"pct":67.3},"branches":{"total":40,"covered":22,"skipped":0,"pct":55}}
,"/home/ryanwalker277/Work/uci-apis/src/modules/bot/bot.module.ts": {"lines":{"total":15,"covered":0,"skipped":0,"pct":0},"functions":{"total":0,"covered":0,"skipped":0,"pct":100},"statements":{"total":17,"covered":0,"skipped":0,"pct":0},"branches":{"total":0,"covered":0,"skipped":0,"pct":100}}
,"/home/ryanwalker277/Work/uci-apis/src/modules/bot/bot.service.ts": {"lines":{"total":266,"covered":214,"skipped":0,"pct":80.45},"functions":{"total":50,"covered":37,"skipped":0,"pct":74},"statements":{"total":272,"covered":220,"skipped":0,"pct":80.88},"branches":{"total":91,"covered":60,"skipped":0,"pct":65.93}}
,"/home/ryanwalker277/Work/uci-apis/src/modules/bot/dto/create-bot.dto.ts": {"lines":{"total":2,"covered":0,"skipped":0,"pct":0},"functions":{"total":0,"covered":0,"skipped":0,"pct":100},"statements":{"total":2,"covered":0,"skipped":0,"pct":0},"branches":{"total":0,"covered":0,"skipped":0,"pct":100}}
,"/home/ryanwalker277/Work/uci-apis/src/modules/bot/dto/delete-bot-dto.ts": {"lines":{"total":1,"covered":1,"skipped":0,"pct":100},"functions":{"total":0,"covered":0,"skipped":0,"pct":100},"statements":{"total":1,"covered":1,"skipped":0,"pct":100},"branches":{"total":0,"covered":0,"skipped":0,"pct":100}}
,"/home/ryanwalker277/Work/uci-apis/src/modules/bot/dto/update-bot.dto.ts": {"lines":{"total":3,"covered":0,"skipped":0,"pct":0},"functions":{"total":0,"covered":0,"skipped":0,"pct":100},"statements":{"total":3,"covered":0,"skipped":0,"pct":0},"branches":{"total":0,"covered":0,"skipped":0,"pct":100}}
,"/home/ryanwalker277/Work/uci-apis/src/modules/bot/entities/bot.entity.ts": {"lines":{"total":1,"covered":0,"skipped":0,"pct":0},"functions":{"total":0,"covered":0,"skipped":0,"pct":100},"statements":{"total":1,"covered":0,"skipped":0,"pct":0},"branches":{"total":0,"covered":0,"skipped":0,"pct":100}}
,"/home/ryanwalker277/Work/uci-apis/src/modules/conversation-logic/conversation-logic.controller.ts": {"lines":{"total":19,"covered":13,"skipped":0,"pct":68.42},"functions":{"total":6,"covered":0,"skipped":0,"pct":0},"statements":{"total":21,"covered":15,"skipped":0,"pct":71.42},"branches":{"total":0,"covered":0,"skipped":0,"pct":100}}
,"/home/ryanwalker277/Work/uci-apis/src/modules/conversation-logic/conversation-logic.module.ts": {"lines":{"total":5,"covered":0,"skipped":0,"pct":0},"functions":{"total":0,"covered":0,"skipped":0,"pct":100},"statements":{"total":7,"covered":0,"skipped":0,"pct":0},"branches":{"total":0,"covered":0,"skipped":0,"pct":100}}
,"/home/ryanwalker277/Work/uci-apis/src/modules/conversation-logic/conversation-logic.service.ts": {"lines":{"total":22,"covered":3,"skipped":0,"pct":13.63},"functions":{"total":7,"covered":0,"skipped":0,"pct":0},"statements":{"total":25,"covered":5,"skipped":0,"pct":20},"branches":{"total":3,"covered":0,"skipped":0,"pct":0}}
,"/home/ryanwalker277/Work/uci-apis/src/modules/conversation-logic/entities/conversation-logic.entity.ts": {"lines":{"total":1,"covered":0,"skipped":0,"pct":0},"functions":{"total":0,"covered":0,"skipped":0,"pct":100},"statements":{"total":1,"covered":0,"skipped":0,"pct":0},"branches":{"total":0,"covered":0,"skipped":0,"pct":100}}
,"/home/ryanwalker277/Work/uci-apis/src/modules/form/form.controller.ts": {"lines":{"total":39,"covered":15,"skipped":0,"pct":38.46},"functions":{"total":9,"covered":0,"skipped":0,"pct":0},"statements":{"total":42,"covered":18,"skipped":0,"pct":42.85},"branches":{"total":10,"covered":0,"skipped":0,"pct":0}}
,"/home/ryanwalker277/Work/uci-apis/src/modules/form/form.module.ts": {"lines":{"total":6,"covered":0,"skipped":0,"pct":0},"functions":{"total":0,"covered":0,"skipped":0,"pct":100},"statements":{"total":8,"covered":0,"skipped":0,"pct":0},"branches":{"total":0,"covered":0,"skipped":0,"pct":100}}
,"/home/ryanwalker277/Work/uci-apis/src/modules/form/form.service.ts": {"lines":{"total":107,"covered":8,"skipped":0,"pct":7.47},"functions":{"total":20,"covered":0,"skipped":0,"pct":0},"statements":{"total":111,"covered":10,"skipped":0,"pct":9},"branches":{"total":14,"covered":0,"skipped":0,"pct":0}}
,"/home/ryanwalker277/Work/uci-apis/src/modules/form/form.types.ts": {"lines":{"total":6,"covered":0,"skipped":0,"pct":0},"functions":{"total":3,"covered":0,"skipped":0,"pct":0},"statements":{"total":6,"covered":0,"skipped":0,"pct":0},"branches":{"total":2,"covered":0,"skipped":0,"pct":0}}
,"/home/ryanwalker277/Work/uci-apis/src/modules/form/formUpload.dto.ts": {"lines":{"total":1,"covered":0,"skipped":0,"pct":0},"functions":{"total":0,"covered":0,"skipped":0,"pct":100},"statements":{"total":1,"covered":0,"skipped":0,"pct":0},"branches":{"total":0,"covered":0,"skipped":0,"pct":100}}
,"/home/ryanwalker277/Work/uci-apis/src/modules/secrets/secrets.controller.ts": {"lines":{"total":24,"covered":0,"skipped":0,"pct":0},"functions":{"total":4,"covered":0,"skipped":0,"pct":0},"statements":{"total":26,"covered":0,"skipped":0,"pct":0},"branches":{"total":6,"covered":0,"skipped":0,"pct":0}}
,"/home/ryanwalker277/Work/uci-apis/src/modules/secrets/secrets.module.ts": {"lines":{"total":7,"covered":0,"skipped":0,"pct":0},"functions":{"total":0,"covered":0,"skipped":0,"pct":100},"statements":{"total":9,"covered":0,"skipped":0,"pct":0},"branches":{"total":0,"covered":0,"skipped":0,"pct":100}}
,"/home/ryanwalker277/Work/uci-apis/src/modules/secrets/secrets.service.provider.ts": {"lines":{"total":10,"covered":9,"skipped":0,"pct":90},"functions":{"total":2,"covered":2,"skipped":0,"pct":100},"statements":{"total":12,"covered":11,"skipped":0,"pct":91.66},"branches":{"total":3,"covered":2,"skipped":0,"pct":66.66}}
,"/home/ryanwalker277/Work/uci-apis/src/modules/secrets/secrets.service.ts": {"lines":{"total":31,"covered":15,"skipped":0,"pct":48.38},"functions":{"total":7,"covered":4,"skipped":0,"pct":57.14},"statements":{"total":33,"covered":17,"skipped":0,"pct":51.51},"branches":{"total":0,"covered":0,"skipped":0,"pct":100}}
,"/home/ryanwalker277/Work/uci-apis/src/modules/secrets/types/index.ts": {"lines":{"total":13,"covered":11,"skipped":0,"pct":84.61},"functions":{"total":2,"covered":2,"skipped":0,"pct":100},"statements":{"total":13,"covered":11,"skipped":0,"pct":84.61},"branches":{"total":13,"covered":9,"skipped":0,"pct":69.23}}
,"/home/ryanwalker277/Work/uci-apis/src/modules/service/enum.ts": {"lines":{"total":8,"covered":8,"skipped":0,"pct":100},"functions":{"total":2,"covered":2,"skipped":0,"pct":100},"statements":{"total":8,"covered":8,"skipped":0,"pct":100},"branches":{"total":4,"covered":4,"skipped":0,"pct":100}}
,"/home/ryanwalker277/Work/uci-apis/src/modules/service/gql.resolver.ts": {"lines":{"total":69,"covered":17,"skipped":0,"pct":24.63},"functions":{"total":10,"covered":1,"skipped":0,"pct":10},"statements":{"total":71,"covered":19,"skipped":0,"pct":26.76},"branches":{"total":17,"covered":0,"skipped":0,"pct":0}}
,"/home/ryanwalker277/Work/uci-apis/src/modules/service/http-get.resolver.ts": {"lines":{"total":65,"covered":35,"skipped":0,"pct":53.84},"functions":{"total":10,"covered":5,"skipped":0,"pct":50},"statements":{"total":67,"covered":37,"skipped":0,"pct":55.22},"branches":{"total":26,"covered":11,"skipped":0,"pct":42.3}}
,"/home/ryanwalker277/Work/uci-apis/src/modules/service/http-post.resolver.ts": {"lines":{"total":54,"covered":15,"skipped":0,"pct":27.77},"functions":{"total":8,"covered":1,"skipped":0,"pct":12.5},"statements":{"total":56,"covered":17,"skipped":0,"pct":30.35},"branches":{"total":16,"covered":0,"skipped":0,"pct":0}}
,"/home/ryanwalker277/Work/uci-apis/src/modules/service/service-resolver.ts": {"lines":{"total":2,"covered":0,"skipped":0,"pct":0},"functions":{"total":1,"covered":0,"skipped":0,"pct":0},"statements":{"total":2,"covered":0,"skipped":0,"pct":0},"branches":{"total":0,"covered":0,"skipped":0,"pct":100}}
,"/home/ryanwalker277/Work/uci-apis/src/modules/service/service.controller.ts": {"lines":{"total":2,"covered":2,"skipped":0,"pct":100},"functions":{"total":0,"covered":0,"skipped":0,"pct":100},"statements":{"total":4,"covered":4,"skipped":0,"pct":100},"branches":{"total":0,"covered":0,"skipped":0,"pct":100}}
,"/home/ryanwalker277/Work/uci-apis/src/modules/service/service.module.ts": {"lines":{"total":11,"covered":0,"skipped":0,"pct":0},"functions":{"total":0,"covered":0,"skipped":0,"pct":100},"statements":{"total":13,"covered":0,"skipped":0,"pct":0},"branches":{"total":0,"covered":0,"skipped":0,"pct":100}}
,"/home/ryanwalker277/Work/uci-apis/src/modules/service/service.service.ts": {"lines":{"total":19,"covered":15,"skipped":0,"pct":78.94},"functions":{"total":2,"covered":2,"skipped":0,"pct":100},"statements":{"total":21,"covered":17,"skipped":0,"pct":80.95},"branches":{"total":4,"covered":2,"skipped":0,"pct":50}}
,"/home/ryanwalker277/Work/uci-apis/src/modules/service/types.ts": {"lines":{"total":3,"covered":3,"skipped":0,"pct":100},"functions":{"total":1,"covered":1,"skipped":0,"pct":100},"statements":{"total":3,"covered":3,"skipped":0,"pct":100},"branches":{"total":2,"covered":2,"skipped":0,"pct":100}}
,"/home/ryanwalker277/Work/uci-apis/src/modules/transformer/transformer.controller.ts": {"lines":{"total":19,"covered":19,"skipped":0,"pct":100},"functions":{"total":6,"covered":6,"skipped":0,"pct":100},"statements":{"total":21,"covered":21,"skipped":0,"pct":100},"branches":{"total":0,"covered":0,"skipped":0,"pct":100}}
,"/home/ryanwalker277/Work/uci-apis/src/modules/transformer/transformer.module.ts": {"lines":{"total":5,"covered":0,"skipped":0,"pct":0},"functions":{"total":0,"covered":0,"skipped":0,"pct":100},"statements":{"total":7,"covered":0,"skipped":0,"pct":0},"branches":{"total":0,"covered":0,"skipped":0,"pct":100}}
,"/home/ryanwalker277/Work/uci-apis/src/modules/transformer/transformer.service.ts": {"lines":{"total":10,"covered":3,"skipped":0,"pct":30},"functions":{"total":6,"covered":0,"skipped":0,"pct":0},"statements":{"total":12,"covered":5,"skipped":0,"pct":41.66},"branches":{"total":0,"covered":0,"skipped":0,"pct":100}}
,"/home/ryanwalker277/Work/uci-apis/src/modules/transformer/entities/transformer.entity.ts": {"lines":{"total":1,"covered":0,"skipped":0,"pct":0},"functions":{"total":0,"covered":0,"skipped":0,"pct":100},"statements":{"total":1,"covered":0,"skipped":0,"pct":0},"branches":{"total":0,"covered":0,"skipped":0,"pct":100}}
,"/home/ryanwalker277/Work/uci-apis/src/modules/user-segment/user-segment.controller.ts": {"lines":{"total":14,"covered":14,"skipped":0,"pct":100},"functions":{"total":6,"covered":6,"skipped":0,"pct":100},"statements":{"total":16,"covered":16,"skipped":0,"pct":100},"branches":{"total":0,"covered":0,"skipped":0,"pct":100}}
,"/home/ryanwalker277/Work/uci-apis/src/modules/user-segment/user-segment.module.ts": {"lines":{"total":5,"covered":0,"skipped":0,"pct":0},"functions":{"total":0,"covered":0,"skipped":0,"pct":100},"statements":{"total":7,"covered":0,"skipped":0,"pct":0},"branches":{"total":0,"covered":0,"skipped":0,"pct":100}}
,"/home/ryanwalker277/Work/uci-apis/src/modules/user-segment/user-segment.service.ts": {"lines":{"total":20,"covered":3,"skipped":0,"pct":15},"functions":{"total":7,"covered":0,"skipped":0,"pct":0},"statements":{"total":22,"covered":5,"skipped":0,"pct":22.72},"branches":{"total":48,"covered":0,"skipped":0,"pct":0}}
,"/home/ryanwalker277/Work/uci-apis/src/modules/user-segment/dto/create-user-segment.dto.ts": {"lines":{"total":1,"covered":0,"skipped":0,"pct":0},"functions":{"total":0,"covered":0,"skipped":0,"pct":100},"statements":{"total":1,"covered":0,"skipped":0,"pct":0},"branches":{"total":0,"covered":0,"skipped":0,"pct":100}}
,"/home/ryanwalker277/Work/uci-apis/src/modules/user-segment/dto/update-user-segment.dto.ts": {"lines":{"total":3,"covered":0,"skipped":0,"pct":0},"functions":{"total":0,"covered":0,"skipped":0,"pct":100},"statements":{"total":3,"covered":0,"skipped":0,"pct":0},"branches":{"total":0,"covered":0,"skipped":0,"pct":100}}
,"/home/ryanwalker277/Work/uci-apis/src/modules/user-segment/entities/user-segment.entity.ts": {"lines":{"total":1,"covered":0,"skipped":0,"pct":0},"functions":{"total":0,"covered":0,"skipped":0,"pct":100},"statements":{"total":1,"covered":0,"skipped":0,"pct":0},"branches":{"total":0,"covered":0,"skipped":0,"pct":100}}
,"/home/ryanwalker277/Work/uci-apis/src/modules/user-segment/fusionauth/fusionauth.service.ts": {"lines":{"total":104,"covered":80,"skipped":0,"pct":76.92},"functions":{"total":29,"covered":20,"skipped":0,"pct":68.96},"statements":{"total":107,"covered":83,"skipped":0,"pct":77.57},"branches":{"total":40,"covered":28,"skipped":0,"pct":70}}
,"/home/ryanwalker277/Work/uci-apis/src/modules/user-segment/fusionauth/fusionauthClientProvider.ts": {"lines":{"total":9,"covered":8,"skipped":0,"pct":88.88},"functions":{"total":2,"covered":2,"skipped":0,"pct":100},"statements":{"total":11,"covered":10,"skipped":0,"pct":90.9},"branches":{"total":1,"covered":0,"skipped":0,"pct":0}}
,"/home/ryanwalker277/Work/uci-apis/src/modules/user-segment/fusionauth/queryBuilder.ts": {"lines":{"total":49,"covered":0,"skipped":0,"pct":0},"functions":{"total":13,"covered":0,"skipped":0,"pct":0},"statements":{"total":51,"covered":0,"skipped":0,"pct":0},"branches":{"total":13,"covered":0,"skipped":0,"pct":0}}
,"/home/ryanwalker277/Work/uci-apis/src/monitoring/monitoring.controller.ts": {"lines":{"total":50,"covered":0,"skipped":0,"pct":0},"functions":{"total":9,"covered":0,"skipped":0,"pct":0},"statements":{"total":52,"covered":0,"skipped":0,"pct":0},"branches":{"total":11,"covered":0,"skipped":0,"pct":0}}
,"/home/ryanwalker277/Work/uci-apis/src/monitoring/monitoring.module.ts": {"lines":{"total":4,"covered":0,"skipped":0,"pct":0},"functions":{"total":0,"covered":0,"skipped":0,"pct":100},"statements":{"total":6,"covered":0,"skipped":0,"pct":0},"branches":{"total":0,"covered":0,"skipped":0,"pct":100}}
,"/home/ryanwalker277/Work/uci-apis/src/monitoring/monitoring.service.ts": {"lines":{"total":117,"covered":0,"skipped":0,"pct":0},"functions":{"total":29,"covered":0,"skipped":0,"pct":0},"statements":{"total":121,"covered":0,"skipped":0,"pct":0},"branches":{"total":15,"covered":0,"skipped":0,"pct":0}}
,"/home/ryanwalker277/Work/uci-apis/src/sunbird-telemetry/sunbird-telemetry.controller.ts": {"lines":{"total":11,"covered":5,"skipped":0,"pct":45.45},"functions":{"total":1,"covered":0,"skipped":0,"pct":0},"statements":{"total":13,"covered":7,"skipped":0,"pct":53.84},"branches":{"total":0,"covered":0,"skipped":0,"pct":100}}
,"/home/ryanwalker277/Work/uci-apis/src/sunbird-telemetry/sunbird-telemetry.module.ts": {"lines":{"total":3,"covered":0,"skipped":0,"pct":0},"functions":{"total":0,"covered":0,"skipped":0,"pct":100},"statements":{"total":5,"covered":0,"skipped":0,"pct":0},"branches":{"total":0,"covered":0,"skipped":0,"pct":100}}
}
